2019-10-12 10:58:31,680 ERROR 84 [-/127.0.0.1/-/0ms GET /] nodejs.Error: [ClusterClient] leader does not be active in 60000ms on port:undefined
    at Function.waitFor (/sandbox/node_modules/cluster-client/lib/server.js:238:15)
    at process._tickCallback (internal/process/next_tick.js:68:7)

pid: 84
hostname: sse-sandbox-tgi20

2019-10-12 11:32:13,724 ERROR 907 [-/127.0.0.1/-/6ms GET /] nodejs.ReferenceError: ctx is not defined
    at Home.render (/sandbox/app/controller/home.js:5:17)
    at Object.callFn (/sandbox/node_modules/egg-core/lib/utils/index.js:44:21)
    at Object.classControllerMiddleware (/sandbox/node_modules/egg-core/lib/loader/mixin/controller.js:87:20)
    at Object.callFn (/sandbox/node_modules/@eggjs/router/lib/utils.js:12:21)
    at wrappedController (/sandbox/node_modules/@eggjs/router/lib/egg_router.js:322:18)
    at dispatch (/sandbox/node_modules/@eggjs/router/node_modules/koa-compose/index.js:44:32)
    at next (/sandbox/node_modules/@eggjs/router/node_modules/koa-compose/index.js:45:18)
    at /sandbox/node_modules/@eggjs/router/lib/router.js:190:18
    at dispatch (/sandbox/node_modules/@eggjs/router/node_modules/koa-compose/index.js:44:32)
    at /sandbox/node_modules/@eggjs/router/node_modules/koa-compose/index.js:36:12

pid: 907
hostname: sse-sandbox-tgi20

2019-10-12 12:49:07,223 ERROR 588 [-/127.0.0.1/-/11ms GET /] nodejs.ReferenceError: ctx is not defined
    at Home.index (/sandbox/app/controller/home.js:5:5)
    at Object.callFn (/sandbox/node_modules/egg-core/lib/utils/index.js:44:21)
    at Object.classControllerMiddleware (/sandbox/node_modules/egg-core/lib/loader/mixin/controller.js:87:20)
    at Object.callFn (/sandbox/node_modules/@eggjs/router/lib/utils.js:12:21)
    at wrappedController (/sandbox/node_modules/@eggjs/router/lib/egg_router.js:322:18)
    at dispatch (/sandbox/node_modules/@eggjs/router/node_modules/koa-compose/index.js:44:32)
    at next (/sandbox/node_modules/@eggjs/router/node_modules/koa-compose/index.js:45:18)
    at /sandbox/node_modules/@eggjs/router/lib/router.js:190:18
    at dispatch (/sandbox/node_modules/@eggjs/router/node_modules/koa-compose/index.js:44:32)
    at /sandbox/node_modules/@eggjs/router/node_modules/koa-compose/index.js:36:12

pid: 588
hostname: sse-sandbox-tgi20

